<?xml version="1.0" encoding="UTF-8"?>
<testng-results ignored="0" total="1" passed="1" failed="0" skipped="0">
  <reporter-output>
  </reporter-output>
  <suite started-at="2021-01-18T08:59:03 IST" name="Default suite" finished-at="2021-01-18T08:59:05 IST" duration-ms="1829">
    <groups>
    </groups>
    <test started-at="2021-01-18T08:59:03 IST" name="Default test" finished-at="2021-01-18T08:59:05 IST" duration-ms="1829">
      <class name="com.qa.cgi.testscripts.ExampleDDTthruDatabase">
        <test-method signature="DDT()[pri:0, instance:com.qa.cgi.testscripts.ExampleDDTthruDatabase@24c4ddae]" started-at="2021-01-18T08:59:04 IST" name="DDT" finished-at="2021-01-18T08:59:05 IST" duration-ms="1554" status="PASS">
          <reporter-output>
          </reporter-output>
        </test-method> <!-- DDT -->
      </class> <!-- com.qa.cgi.testscripts.ExampleDDTthruDatabase -->
    </test> <!-- Default test -->
  </suite> <!-- Default suite -->
</testng-results>
